# JRE version: Java(TM) SE Runtime Environment (8.0_191-b12) (build 1.8.0_191-b12)
# Java VM: Java HotSpot(TM) 64-Bit Server VM (25.191-b12 mixed mode windows-amd64 compressed oops)
Heap:
 PSYoungGen      total 37888K, used 7076K [0x00000000d6000000, 0x00000000d8a00000, 0x0000000100000000)
  eden space 32768K, 21% used [0x00000000d6000000,0x00000000d66e9058,0x00000000d8000000)
  from space 5120K, 0% used [0x00000000d8500000,0x00000000d8500000,0x00000000d8a00000)
  to   space 5120K, 0% used [0x00000000d8000000,0x00000000d8000000,0x00000000d8500000)
 ParOldGen       total 86016K, used 27323K [0x0000000082000000, 0x0000000087400000, 0x00000000d6000000)
  object space 86016K, 31% used [0x0000000082000000,0x0000000083aaee58,0x0000000087400000)
 Metaspace       used 15768K, capacity 16066K, committed 16256K, reserved 1062912K
  class space    used 2041K, capacity 2143K, committed 2176K, reserved 1048576K
GC Heap History (6 events):
Event: 0.709 GC heap before
{Heap before GC invocations=1 (full 0):
 PSYoungGen      total 37888K, used 27241K [0x00000000d6000000, 0x00000000d8a00000, 0x0000000100000000)
  eden space 32768K, 83% used [0x00000000d6000000,0x00000000d7a9a720,0x00000000d8000000)
  from space 5120K, 0% used [0x00000000d8500000,0x00000000d8500000,0x00000000d8a00000)
  to   space 5120K, 0% used [0x00000000d8000000,0x00000000d8000000,0x00000000d8500000)
 ParOldGen       total 86016K, used 0K [0x0000000082000000, 0x0000000087400000, 0x00000000d6000000)
  object space 86016K, 0% used [0x0000000082000000,0x0000000082000000,0x0000000087400000)
 Metaspace       used 12860K, capacity 13016K, committed 13056K, reserved 1060864K
  class space    used 1708K, capacity 1774K, committed 1792K, reserved 1048576K
Event: 0.719 GC heap after
Heap after GC invocations=1 (full 0):
 PSYoungGen      total 37888K, used 2809K [0x00000000d6000000, 0x00000000d8a00000, 0x0000000100000000)
  eden space 32768K, 0% used [0x00000000d6000000,0x00000000d6000000,0x00000000d8000000)
  from space 5120K, 54% used [0x00000000d8000000,0x00000000d82be538,0x00000000d8500000)
  to   space 5120K, 0% used [0x00000000d8500000,0x00000000d8500000,0x00000000d8a00000)
 ParOldGen       total 86016K, used 24316K [0x0000000082000000, 0x0000000087400000, 0x00000000d6000000)
  object space 86016K, 28% used [0x0000000082000000,0x00000000837bf030,0x0000000087400000)
 Metaspace       used 12860K, capacity 13016K, committed 13056K, reserved 1060864K
  class space    used 1708K, capacity 1774K, committed 1792K, reserved 1048576K
}
Event: 6.150 GC heap before
{Heap before GC invocations=2 (full 0):
 PSYoungGen      total 37888K, used 35577K [0x00000000d6000000, 0x00000000d8a00000, 0x0000000100000000)
  eden space 32768K, 100% used [0x00000000d6000000,0x00000000d8000000,0x00000000d8000000)
  from space 5120K, 54% used [0x00000000d8000000,0x00000000d82be538,0x00000000d8500000)
  to   space 5120K, 0% used [0x00000000d8500000,0x00000000d8500000,0x00000000d8a00000)
 ParOldGen       total 86016K, used 24316K [0x0000000082000000, 0x0000000087400000, 0x00000000d6000000)
  object space 86016K, 28% used [0x0000000082000000,0x00000000837bf030,0x0000000087400000)
 Metaspace       used 15275K, capacity 15480K, committed 15744K, reserved 1062912K
  class space    used 2003K, capacity 2078K, committed 2176K, reserved 1048576K
Event: 6.168 GC heap after
Heap after GC invocations=2 (full 0):
 PSYoungGen      total 37888K, used 3039K [0x00000000d6000000, 0x00000000d8a00000, 0x0000000100000000)
  eden space 32768K, 0% used [0x00000000d6000000,0x00000000d6000000,0x00000000d8000000)
  from space 5120K, 59% used [0x00000000d8500000,0x00000000d87f7ec0,0x00000000d8a00000)
  to   space 5120K, 0% used [0x00000000d8000000,0x00000000d8000000,0x00000000d8500000)
 ParOldGen       total 86016K, used 64824K [0x0000000082000000, 0x0000000087400000, 0x00000000d6000000)
  object space 86016K, 75% used [0x0000000082000000,0x0000000085f4e080,0x0000000087400000)
 Metaspace       used 15275K, capacity 15480K, committed 15744K, reserved 1062912K
  class space    used 2003K, capacity 2078K, committed 2176K, reserved 1048576K
}
Event: 6.168 GC heap before
{Heap before GC invocations=3 (full 1):
 PSYoungGen      total 37888K, used 3039K [0x00000000d6000000, 0x00000000d8a00000, 0x0000000100000000)
  eden space 32768K, 0% used [0x00000000d6000000,0x00000000d6000000,0x00000000d8000000)
  from space 5120K, 59% used [0x00000000d8500000,0x00000000d87f7ec0,0x00000000d8a00000)
  to   space 5120K, 0% used [0x00000000d8000000,0x00000000d8000000,0x00000000d8500000)
 ParOldGen       total 86016K, used 64824K [0x0000000082000000, 0x0000000087400000, 0x00000000d6000000)
  object space 86016K, 75% used [0x0000000082000000,0x0000000085f4e080,0x0000000087400000)
 Metaspace       used 15275K, capacity 15480K, committed 15744K, reserved 1062912K
  class space    used 2003K, capacity 2078K, committed 2176K, reserved 1048576K
Event: 6.193 GC heap after
Heap after GC invocations=3 (full 1):
 PSYoungGen      total 37888K, used 0K [0x00000000d6000000, 0x00000000d8a00000, 0x0000000100000000)
  eden space 32768K, 0% used [0x00000000d6000000,0x00000000d6000000,0x00000000d8000000)
  from space 5120K, 0% used [0x00000000d8500000,0x00000000d8500000,0x00000000d8a00000)
  to   space 5120K, 0% used [0x00000000d8000000,0x00000000d8000000,0x00000000d8500000)
 ParOldGen       total 86016K, used 27323K [0x0000000082000000, 0x0000000087400000, 0x00000000d6000000)
  object space 86016K, 31% used [0x0000000082000000,0x0000000083aaee58,0x0000000087400000)
 Metaspace       used 15275K, capacity 15480K, committed 15744K, reserved 1062912K
  class space    used 2003K, capacity 2078K, committed 2176K, reserved 1048576K
}

